Arguments: 
  /usr/local/bin/node /usr/local/Cellar/yarn/1.22.4/libexec/bin/yarn.js add nuka-carousel

PATH: 
  /usr/local/bin:/usr/bin:/bin:/usr/sbin:/sbin:/Library/Frameworks/Mono.framework/Versions/Current/Commands

Yarn version: 
  1.22.4

Node version: 
  12.16.1

Platform: 
  darwin x64

Trace: 
  Error: connect ENETUNREACH 153.112.63.18:8081
      at TCPConnectWrap.afterConnect [as oncomplete] (net.js:1137:16)

npm manifest: 
  {
    "name": "my-portfolio",
    "version": "0.0.3",
    "description": "",
    "main": "index.js",
    "scripts": {
      "start": "webpack-dev-server --mode=development",
      "build": "webpack --mode=production"
    },
    "repository": {
      "type": "git",
      "url": "git+https://github.com/goggilation/goggilation.github.io.git"
    },
    "keywords": [],
    "author": "",
    "license": "ISC",
    "bugs": {
      "url": "https://github.com/goggilation/goggilation.github.io/issues"
    },
    "homepage": "https://portfolio.aleksanderd.se/",
    "dependencies": {
      "@material-ui/core": "^4.9.14",
      "@material-ui/icons": "^4.9.1",
      "@material-ui/lab": "^4.0.0-alpha.56",
      "airtable": "^0.10.0",
      "css-loader": "^3.5.3",
      "file-loader": "^6.0.0",
      "react": "^16.13.1",
      "react-dom": "^16.13.1",
      "react-router-dom": "^5.2.0",
      "style-loader": "^1.2.1",
      "styled-components": "^5.1.0",
      "url-loader": "^4.1.0"
    },
    "devDependencies": {
      "@babel/core": "^7.9.6",
      "@babel/preset-env": "^7.9.6",
      "@babel/preset-react": "^7.9.4",
      "babel-loader": "^8.1.0",
      "html-webpack-plugin": "^4.3.0",
      "webpack": "^4.43.0",
      "webpack-cli": "^3.3.11",
      "webpack-dev-server": "^3.11.0"
    }
  }

yarn manifest: 
  No manifest

Lockfile: 
  No lockfile
